[ 40%] Built target icarous.xml-v1.0
[ 40%] Built target uAvionix.xml-v2.0
[ 40%] Built target csAirLink.xml-v1.0
[ 40%] Built target paparazzi.xml-v1.0
[ 40%] Built target ardupilotmega.xml-v1.0
[ 40%] Built target cubepilot.xml-v1.0
[ 40%] Built target ualberta.xml-v1.0
[ 40%] Built target all.xml-v1.0
[ 40%] Built target standard.xml-v1.0
[ 40%] Built target storm32.xml-v1.0
[ 43%] Built target ualberta.xml-v2.0
[ 40%] Built target paparazzi.xml-v2.0
[ 40%] Built target uAvionix.xml-v1.0
[ 46%] Built target cubepilot.xml-v2.0
[ 50%] Built target development.xml-v2.0
[ 53%] Built target icarous.xml-v2.0
[ 76%] Built target ASLUAV.xml-v1.0
[ 76%] Built target ardupilotmega.xml-v2.0
[ 76%] Built target ASLUAV.xml-v2.0
[ 76%] Built target standard.xml-v2.0
[ 76%] Built target development.xml-v1.0
[ 76%] Built target AVSSUAS.xml-v2.0
[ 86%] Built target all.xml-v2.0
[ 86%] Built target csAirLink.xml-v2.0
[ 86%] Built target storm32.xml-v2.0
[ 90%] Built target common.xml-v1.0
[ 93%] Built target AVSSUAS.xml-v1.0
[ 93%] Built target matrixpilot.xml-v1.0
[ 96%] Built target matrixpilot.xml-v2.0
[100%] Built target common.xml-v2.0
